Arguments: 
  C:\Program Files\nodejs\node.exe C:\Program Files\nodejs\node_modules\yarn\bin\yarn.js add -D vite-plugin-static-copy

PATH: 
  C:\Program Files\PowerShell\7;C:\Program Files\Eclipse Adoptium\jdk-17.0.6.10-hotspot\bin;C:\WINDOWS\system32;C:\WINDOWS;C:\WINDOWS\System32\Wbem;C:\WINDOWS\System32\WindowsPowerShell\v1.0\;C:\WINDOWS\System32\OpenSSH\;C:\Program Files\PuTTY\;C:\Program Files\MongoDB\Server\5.0\bin;C:\Program Files\MariaDB 10.6\bin;C:\ProgramData\chocolatey\bin;C:\dev\apps\editors\helix-22.08.1-x86_64-windows;C:\Program Files\nodejs;C:\Program Files\D2\;C:\dev\apps\openssl-1.0.2j-fips-x86_64\OpenSSL\bin;C:\dev\apps\apache-maven-3.9.0\bin;C:\dev\apps\jdk-17\bin;C:\dev\apps\bin;C:\Program Files\Git\cmd;C:\Program Files\PowerShell\7\;C:\Users\latte\.pyenv\pyenv-win\bin;C:\Users\latte\.pyenv\pyenv-win\shims;C:\Users\latte\.cargo\bin;C:\Users\latte\AppData\Local\Microsoft\WindowsApps;C:\Program Files\JetBrains\IntelliJ IDEA 2021.2.3\bin;C:\Program Files\JetBrains\IntelliJ IDEA Community Edition 2021.2.3\bin;C:\Users\latte\AppData\Local\Programs\Fiddler;C:\Program Files\Bandizip\;C:\Users\latte\AppData\Roaming\nvm;C:\Program Files\nodejs;C:\Program Files\OpenSSL-Win64\bin;C:\Users\latte\AppData\Roaming\Python\Scripts;C:\Users\latte\AppData\Local\Programs\Microsoft VS Code\bin

Yarn version: 
  1.22.19

Node version: 
  18.16.1

Platform: 
  win32 x64

Trace: 
  Error: EPERM: operation not permitted, unlink 'G:\dev\github\jirepos\sveltekit-get-started\node_modules\@esbuild\win32-x64\esbuild.exe'

npm manifest: 
  {
  	"name": "sveltekit-get-started",
  	"version": "0.0.1",
  	"scripts": {
  		"dev": "vite --mode production dev",
  		"build": "vite --mode development build",
  		"preview": "vite preview",
  		"check": "svelte-kit sync && svelte-check --tsconfig ./tsconfig.json",
  		"check:watch": "svelte-kit sync && svelte-check --tsconfig ./tsconfig.json --watch",
  		"lint": "prettier --plugin-search-dir . --check . && eslint .",
  		"format": "prettier --plugin-search-dir . --write ."
  	},
  	"devDependencies": {
  		"@fontsource/fira-mono": "^4.5.10",
  		"@neoconfetti/svelte": "^1.0.0",
  		"@sveltejs/adapter-auto": "^2.0.0",
  		"@sveltejs/adapter-node": "^1.2.4",
  		"@sveltejs/kit": "^1.20.4",
  		"@types/cookie": "^0.5.1",
  		"@typescript-eslint/eslint-plugin": "^5.45.0",
  		"@typescript-eslint/parser": "^5.45.0",
  		"eslint": "^8.28.0",
  		"eslint-config-prettier": "^8.5.0",
  		"eslint-plugin-svelte": "^2.30.0",
  		"prettier": "^2.8.0",
  		"prettier-plugin-svelte": "^2.10.1",
  		"sass": "^1.63.6",
  		"svelte": "^4.0.0",
  		"svelte-check": "^3.4.3",
  		"svelte-preprocess": "^5.0.4",
  		"tslib": "^2.4.1",
  		"typescript": "^5.0.0",
  		"vite": "^4.3.6"
  	},
  	"type": "module",
  	"dependencies": {
  		"bootstrap": "^5.3.0",
  		"dotenv": "^16.3.1",
  		"jquery": "^3.7.0",
  		"monaco-editor": "^0.39.0"
  	}
  }

yarn manifest: 
  No manifest

Lockfile: 
  No lockfile
